The system is: Linux - 3.10.0-1127.18.2.el7.x86_64 - x86_64
Compiling the CXX compiler identification source file "CMakeCXXCompilerId.cpp" succeeded.
Compiler: /glade/u/apps/dav/opt/gnu/8.3.0/bin/g++ 
Build flags: 
Id flags:  

The output was:
0


Compilation of the CXX compiler identification source "CMakeCXXCompilerId.cpp" produced "a.out"

The CXX compiler identification is GNU, found in "/glade/work/zconnell/SWM/gcc_serial_skx/CMakeFiles/3.18.2/CompilerIdCXX/a.out"

Detecting CXX compiler ABI info compiled with the following output:
Change Dir: /glade/work/zconnell/SWM/gcc_serial_skx/CMakeFiles/CMakeTmp

Run Build Command(s):/usr/bin/gmake cmTC_5162d/fast && /usr/bin/gmake  -f CMakeFiles/cmTC_5162d.dir/build.make CMakeFiles/cmTC_5162d.dir/build
gmake[1]: Entering directory `/glade/work/zconnell/SWM/gcc_serial_skx/CMakeFiles/CMakeTmp'
Building CXX object CMakeFiles/cmTC_5162d.dir/CMakeCXXCompilerABI.cpp.o
/glade/u/apps/dav/opt/gnu/8.3.0/bin/g++   -v -o CMakeFiles/cmTC_5162d.dir/CMakeCXXCompilerABI.cpp.o -c /glade/u/apps/dav/opt/cmake/3.18.2/share/cmake-3.18/Modules/CMakeCXXCompilerABI.cpp
Using built-in specs.
COLLECT_GCC=/glade/u/apps/dav/opt/gnu/8.3.0/bin/g++
Target: x86_64-pc-linux-gnu
Configured with: ../configure --prefix=/glade/u/apps/dav/opt/gnu/8.3.0/ --enable-languages=c,c++,fortran,lto --enable-threads --disable-multilib
Thread model: posix
gcc version 8.3.0 (GCC) 
COLLECT_GCC_OPTIONS='-v' '-o' 'CMakeFiles/cmTC_5162d.dir/CMakeCXXCompilerABI.cpp.o' '-c' '-shared-libgcc' '-mtune=generic' '-march=x86-64'
 /glade/u/apps/dav/opt/gnu/8.3.0/libexec/gcc/x86_64-pc-linux-gnu/8.3.0/cc1plus -quiet -v -D_GNU_SOURCE /glade/u/apps/dav/opt/cmake/3.18.2/share/cmake-3.18/Modules/CMakeCXXCompilerABI.cpp -quiet -dumpbase CMakeCXXCompilerABI.cpp -mtune=generic -march=x86-64 -auxbase-strip CMakeFiles/cmTC_5162d.dir/CMakeCXXCompilerABI.cpp.o -version -o /glade/scratch/zconnell/ccvtAKHr.s
GNU C++14 (GCC) version 8.3.0 (x86_64-pc-linux-gnu)
	compiled by GNU C version 8.3.0, GMP version 6.1.0, MPFR version 3.1.4, MPC version 1.0.3, isl version isl-0.18-GMP

GGC heuristics: --param ggc-min-expand=100 --param ggc-min-heapsize=131072
ignoring nonexistent directory "/glade/u/apps/dav/opt/gnu/8.3.0/lib/gcc/x86_64-pc-linux-gnu/8.3.0/../../../../x86_64-pc-linux-gnu/include"
#include "..." search starts here:
#include <...> search starts here:
 /glade/u/apps/dav/opt/gnu/8.3.0/lib/gcc/x86_64-pc-linux-gnu/8.3.0/../../../../include/c++/8.3.0
 /glade/u/apps/dav/opt/gnu/8.3.0/lib/gcc/x86_64-pc-linux-gnu/8.3.0/../../../../include/c++/8.3.0/x86_64-pc-linux-gnu
 /glade/u/apps/dav/opt/gnu/8.3.0/lib/gcc/x86_64-pc-linux-gnu/8.3.0/../../../../include/c++/8.3.0/backward
 /glade/u/apps/dav/opt/gnu/8.3.0/lib/gcc/x86_64-pc-linux-gnu/8.3.0/include
 /usr/local/include
 /glade/u/apps/dav/opt/gnu/8.3.0/include
 /glade/u/apps/dav/opt/gnu/8.3.0/lib/gcc/x86_64-pc-linux-gnu/8.3.0/include-fixed
 /usr/include
End of search list.
GNU C++14 (GCC) version 8.3.0 (x86_64-pc-linux-gnu)
	compiled by GNU C version 8.3.0, GMP version 6.1.0, MPFR version 3.1.4, MPC version 1.0.3, isl version isl-0.18-GMP

GGC heuristics: --param ggc-min-expand=100 --param ggc-min-heapsize=131072
Compiler executable checksum: 7d85a7fa3a792d00b33870e7890f00cc
COLLECT_GCC_OPTIONS='-v' '-o' 'CMakeFiles/cmTC_5162d.dir/CMakeCXXCompilerABI.cpp.o' '-c' '-shared-libgcc' '-mtune=generic' '-march=x86-64'
 as -v --64 -o CMakeFiles/cmTC_5162d.dir/CMakeCXXCompilerABI.cpp.o /glade/scratch/zconnell/ccvtAKHr.s
GNU assembler version 2.27 (x86_64-redhat-linux) using BFD version version 2.27-43.base.el7_8.1
COMPILER_PATH=/glade/u/apps/dav/opt/gnu/8.3.0/libexec/gcc/x86_64-pc-linux-gnu/8.3.0/:/glade/u/apps/dav/opt/gnu/8.3.0/libexec/gcc/x86_64-pc-linux-gnu/8.3.0/:/glade/u/apps/dav/opt/gnu/8.3.0/libexec/gcc/x86_64-pc-linux-gnu/:/glade/u/apps/dav/opt/gnu/8.3.0/lib/gcc/x86_64-pc-linux-gnu/8.3.0/:/glade/u/apps/dav/opt/gnu/8.3.0/lib/gcc/x86_64-pc-linux-gnu/
LIBRARY_PATH=/glade/u/apps/dav/opt/gnu/8.3.0/lib/gcc/x86_64-pc-linux-gnu/8.3.0/:/glade/u/apps/dav/opt/gnu/8.3.0/lib/gcc/x86_64-pc-linux-gnu/8.3.0/../../../../lib64/:/lib/../lib64/:/usr/lib/../lib64/:/glade/u/apps/dav/opt/gnu/8.3.0/lib/gcc/x86_64-pc-linux-gnu/8.3.0/../../../:/lib/:/usr/lib/
COLLECT_GCC_OPTIONS='-v' '-o' 'CMakeFiles/cmTC_5162d.dir/CMakeCXXCompilerABI.cpp.o' '-c' '-shared-libgcc' '-mtune=generic' '-march=x86-64'
Linking CXX executable cmTC_5162d
/glade/u/apps/dav/opt/cmake/3.18.2/bin/cmake -E cmake_link_script CMakeFiles/cmTC_5162d.dir/link.txt --verbose=1
/glade/u/apps/dav/opt/gnu/8.3.0/bin/g++  -v CMakeFiles/cmTC_5162d.dir/CMakeCXXCompilerABI.cpp.o -o cmTC_5162d 
Using built-in specs.
COLLECT_GCC=/glade/u/apps/dav/opt/gnu/8.3.0/bin/g++
COLLECT_LTO_WRAPPER=/glade/u/apps/dav/opt/gnu/8.3.0/libexec/gcc/x86_64-pc-linux-gnu/8.3.0/lto-wrapper
Target: x86_64-pc-linux-gnu
Configured with: ../configure --prefix=/glade/u/apps/dav/opt/gnu/8.3.0/ --enable-languages=c,c++,fortran,lto --enable-threads --disable-multilib
Thread model: posix
gcc version 8.3.0 (GCC) 
COMPILER_PATH=/glade/u/apps/dav/opt/gnu/8.3.0/libexec/gcc/x86_64-pc-linux-gnu/8.3.0/:/glade/u/apps/dav/opt/gnu/8.3.0/libexec/gcc/x86_64-pc-linux-gnu/8.3.0/:/glade/u/apps/dav/opt/gnu/8.3.0/libexec/gcc/x86_64-pc-linux-gnu/:/glade/u/apps/dav/opt/gnu/8.3.0/lib/gcc/x86_64-pc-linux-gnu/8.3.0/:/glade/u/apps/dav/opt/gnu/8.3.0/lib/gcc/x86_64-pc-linux-gnu/
LIBRARY_PATH=/glade/u/apps/dav/opt/gnu/8.3.0/lib/gcc/x86_64-pc-linux-gnu/8.3.0/:/glade/u/apps/dav/opt/gnu/8.3.0/lib/gcc/x86_64-pc-linux-gnu/8.3.0/../../../../lib64/:/lib/../lib64/:/usr/lib/../lib64/:/glade/u/apps/dav/opt/gnu/8.3.0/lib/gcc/x86_64-pc-linux-gnu/8.3.0/../../../:/lib/:/usr/lib/
COLLECT_GCC_OPTIONS='-v' '-o' 'cmTC_5162d' '-shared-libgcc' '-mtune=generic' '-march=x86-64'
 /glade/u/apps/dav/opt/gnu/8.3.0/libexec/gcc/x86_64-pc-linux-gnu/8.3.0/collect2 -plugin /glade/u/apps/dav/opt/gnu/8.3.0/libexec/gcc/x86_64-pc-linux-gnu/8.3.0/liblto_plugin.so -plugin-opt=/glade/u/apps/dav/opt/gnu/8.3.0/libexec/gcc/x86_64-pc-linux-gnu/8.3.0/lto-wrapper -plugin-opt=-fresolution=/glade/scratch/zconnell/cceGry6s.res -plugin-opt=-pass-through=-lgcc_s -plugin-opt=-pass-through=-lgcc -plugin-opt=-pass-through=-lc -plugin-opt=-pass-through=-lgcc_s -plugin-opt=-pass-through=-lgcc --eh-frame-hdr -m elf_x86_64 -dynamic-linker /lib64/ld-linux-x86-64.so.2 -o cmTC_5162d /lib/../lib64/crt1.o /lib/../lib64/crti.o /glade/u/apps/dav/opt/gnu/8.3.0/lib/gcc/x86_64-pc-linux-gnu/8.3.0/crtbegin.o -L/glade/u/apps/dav/opt/gnu/8.3.0/lib/gcc/x86_64-pc-linux-gnu/8.3.0 -L/glade/u/apps/dav/opt/gnu/8.3.0/lib/gcc/x86_64-pc-linux-gnu/8.3.0/../../../../lib64 -L/lib/../lib64 -L/usr/lib/../lib64 -L/glade/u/apps/dav/opt/gnu/8.3.0/lib/gcc/x86_64-pc-linux-gnu/8.3.0/../../.. CMakeFiles/cmTC_5162d.dir/CMakeCXXCompilerABI.cpp.o -lstdc++ -lm -lgcc_s -lgcc -lc -lgcc_s -lgcc /glade/u/apps/dav/opt/gnu/8.3.0/lib/gcc/x86_64-pc-linux-gnu/8.3.0/crtend.o /lib/../lib64/crtn.o
COLLECT_GCC_OPTIONS='-v' '-o' 'cmTC_5162d' '-shared-libgcc' '-mtune=generic' '-march=x86-64'
gmake[1]: Leaving directory `/glade/work/zconnell/SWM/gcc_serial_skx/CMakeFiles/CMakeTmp'



Parsed CXX implicit include dir info from above output: rv=done
  found start of include info
  found start of implicit include info
    add: [/glade/u/apps/dav/opt/gnu/8.3.0/lib/gcc/x86_64-pc-linux-gnu/8.3.0/../../../../include/c++/8.3.0]
    add: [/glade/u/apps/dav/opt/gnu/8.3.0/lib/gcc/x86_64-pc-linux-gnu/8.3.0/../../../../include/c++/8.3.0/x86_64-pc-linux-gnu]
    add: [/glade/u/apps/dav/opt/gnu/8.3.0/lib/gcc/x86_64-pc-linux-gnu/8.3.0/../../../../include/c++/8.3.0/backward]
    add: [/glade/u/apps/dav/opt/gnu/8.3.0/lib/gcc/x86_64-pc-linux-gnu/8.3.0/include]
    add: [/usr/local/include]
    add: [/glade/u/apps/dav/opt/gnu/8.3.0/include]
    add: [/glade/u/apps/dav/opt/gnu/8.3.0/lib/gcc/x86_64-pc-linux-gnu/8.3.0/include-fixed]
    add: [/usr/include]
  end of search list found
  collapse include dir [/glade/u/apps/dav/opt/gnu/8.3.0/lib/gcc/x86_64-pc-linux-gnu/8.3.0/../../../../include/c++/8.3.0] ==> [/glade/u/apps/dav/opt/gnu/8.3.0/include/c++/8.3.0]
  collapse include dir [/glade/u/apps/dav/opt/gnu/8.3.0/lib/gcc/x86_64-pc-linux-gnu/8.3.0/../../../../include/c++/8.3.0/x86_64-pc-linux-gnu] ==> [/glade/u/apps/dav/opt/gnu/8.3.0/include/c++/8.3.0/x86_64-pc-linux-gnu]
  collapse include dir [/glade/u/apps/dav/opt/gnu/8.3.0/lib/gcc/x86_64-pc-linux-gnu/8.3.0/../../../../include/c++/8.3.0/backward] ==> [/glade/u/apps/dav/opt/gnu/8.3.0/include/c++/8.3.0/backward]
  collapse include dir [/glade/u/apps/dav/opt/gnu/8.3.0/lib/gcc/x86_64-pc-linux-gnu/8.3.0/include] ==> [/glade/u/apps/dav/opt/gnu/8.3.0/lib/gcc/x86_64-pc-linux-gnu/8.3.0/include]
  collapse include dir [/usr/local/include] ==> [/usr/local/include]
  collapse include dir [/glade/u/apps/dav/opt/gnu/8.3.0/include] ==> [/glade/u/apps/dav/opt/gnu/8.3.0/include]
  collapse include dir [/glade/u/apps/dav/opt/gnu/8.3.0/lib/gcc/x86_64-pc-linux-gnu/8.3.0/include-fixed] ==> [/glade/u/apps/dav/opt/gnu/8.3.0/lib/gcc/x86_64-pc-linux-gnu/8.3.0/include-fixed]
  collapse include dir [/usr/include] ==> [/usr/include]
  implicit include dirs: [/glade/u/apps/dav/opt/gnu/8.3.0/include/c++/8.3.0;/glade/u/apps/dav/opt/gnu/8.3.0/include/c++/8.3.0/x86_64-pc-linux-gnu;/glade/u/apps/dav/opt/gnu/8.3.0/include/c++/8.3.0/backward;/glade/u/apps/dav/opt/gnu/8.3.0/lib/gcc/x86_64-pc-linux-gnu/8.3.0/include;/usr/local/include;/glade/u/apps/dav/opt/gnu/8.3.0/include;/glade/u/apps/dav/opt/gnu/8.3.0/lib/gcc/x86_64-pc-linux-gnu/8.3.0/include-fixed;/usr/include]


Parsed CXX implicit link information from above output:
  link line regex: [^( *|.*[/\])(ld|CMAKE_LINK_STARTFILE-NOTFOUND|([^/\]+-)?ld|collect2)[^/\]*( |$)]
  ignore line: [Change Dir: /glade/work/zconnell/SWM/gcc_serial_skx/CMakeFiles/CMakeTmp]
  ignore line: []
  ignore line: [Run Build Command(s):/usr/bin/gmake cmTC_5162d/fast && /usr/bin/gmake  -f CMakeFiles/cmTC_5162d.dir/build.make CMakeFiles/cmTC_5162d.dir/build]
  ignore line: [gmake[1]: Entering directory `/glade/work/zconnell/SWM/gcc_serial_skx/CMakeFiles/CMakeTmp']
  ignore line: [Building CXX object CMakeFiles/cmTC_5162d.dir/CMakeCXXCompilerABI.cpp.o]
  ignore line: [/glade/u/apps/dav/opt/gnu/8.3.0/bin/g++   -v -o CMakeFiles/cmTC_5162d.dir/CMakeCXXCompilerABI.cpp.o -c /glade/u/apps/dav/opt/cmake/3.18.2/share/cmake-3.18/Modules/CMakeCXXCompilerABI.cpp]
  ignore line: [Using built-in specs.]
  ignore line: [COLLECT_GCC=/glade/u/apps/dav/opt/gnu/8.3.0/bin/g++]
  ignore line: [Target: x86_64-pc-linux-gnu]
  ignore line: [Configured with: ../configure --prefix=/glade/u/apps/dav/opt/gnu/8.3.0/ --enable-languages=c c++ fortran lto --enable-threads --disable-multilib]
  ignore line: [Thread model: posix]
  ignore line: [gcc version 8.3.0 (GCC) ]
  ignore line: [COLLECT_GCC_OPTIONS='-v' '-o' 'CMakeFiles/cmTC_5162d.dir/CMakeCXXCompilerABI.cpp.o' '-c' '-shared-libgcc' '-mtune=generic' '-march=x86-64']
  ignore line: [ /glade/u/apps/dav/opt/gnu/8.3.0/libexec/gcc/x86_64-pc-linux-gnu/8.3.0/cc1plus -quiet -v -D_GNU_SOURCE /glade/u/apps/dav/opt/cmake/3.18.2/share/cmake-3.18/Modules/CMakeCXXCompilerABI.cpp -quiet -dumpbase CMakeCXXCompilerABI.cpp -mtune=generic -march=x86-64 -auxbase-strip CMakeFiles/cmTC_5162d.dir/CMakeCXXCompilerABI.cpp.o -version -o /glade/scratch/zconnell/ccvtAKHr.s]
  ignore line: [GNU C++14 (GCC) version 8.3.0 (x86_64-pc-linux-gnu)]
  ignore line: [	compiled by GNU C version 8.3.0  GMP version 6.1.0  MPFR version 3.1.4  MPC version 1.0.3  isl version isl-0.18-GMP]
  ignore line: []
  ignore line: [GGC heuristics: --param ggc-min-expand=100 --param ggc-min-heapsize=131072]
  ignore line: [ignoring nonexistent directory "/glade/u/apps/dav/opt/gnu/8.3.0/lib/gcc/x86_64-pc-linux-gnu/8.3.0/../../../../x86_64-pc-linux-gnu/include"]
  ignore line: [#include "..." search starts here:]
  ignore line: [#include <...> search starts here:]
  ignore line: [ /glade/u/apps/dav/opt/gnu/8.3.0/lib/gcc/x86_64-pc-linux-gnu/8.3.0/../../../../include/c++/8.3.0]
  ignore line: [ /glade/u/apps/dav/opt/gnu/8.3.0/lib/gcc/x86_64-pc-linux-gnu/8.3.0/../../../../include/c++/8.3.0/x86_64-pc-linux-gnu]
  ignore line: [ /glade/u/apps/dav/opt/gnu/8.3.0/lib/gcc/x86_64-pc-linux-gnu/8.3.0/../../../../include/c++/8.3.0/backward]
  ignore line: [ /glade/u/apps/dav/opt/gnu/8.3.0/lib/gcc/x86_64-pc-linux-gnu/8.3.0/include]
  ignore line: [ /usr/local/include]
  ignore line: [ /glade/u/apps/dav/opt/gnu/8.3.0/include]
  ignore line: [ /glade/u/apps/dav/opt/gnu/8.3.0/lib/gcc/x86_64-pc-linux-gnu/8.3.0/include-fixed]
  ignore line: [ /usr/include]
  ignore line: [End of search list.]
  ignore line: [GNU C++14 (GCC) version 8.3.0 (x86_64-pc-linux-gnu)]
  ignore line: [	compiled by GNU C version 8.3.0  GMP version 6.1.0  MPFR version 3.1.4  MPC version 1.0.3  isl version isl-0.18-GMP]
  ignore line: []
  ignore line: [GGC heuristics: --param ggc-min-expand=100 --param ggc-min-heapsize=131072]
  ignore line: [Compiler executable checksum: 7d85a7fa3a792d00b33870e7890f00cc]
  ignore line: [COLLECT_GCC_OPTIONS='-v' '-o' 'CMakeFiles/cmTC_5162d.dir/CMakeCXXCompilerABI.cpp.o' '-c' '-shared-libgcc' '-mtune=generic' '-march=x86-64']
  ignore line: [ as -v --64 -o CMakeFiles/cmTC_5162d.dir/CMakeCXXCompilerABI.cpp.o /glade/scratch/zconnell/ccvtAKHr.s]
  ignore line: [GNU assembler version 2.27 (x86_64-redhat-linux) using BFD version version 2.27-43.base.el7_8.1]
  ignore line: [COMPILER_PATH=/glade/u/apps/dav/opt/gnu/8.3.0/libexec/gcc/x86_64-pc-linux-gnu/8.3.0/:/glade/u/apps/dav/opt/gnu/8.3.0/libexec/gcc/x86_64-pc-linux-gnu/8.3.0/:/glade/u/apps/dav/opt/gnu/8.3.0/libexec/gcc/x86_64-pc-linux-gnu/:/glade/u/apps/dav/opt/gnu/8.3.0/lib/gcc/x86_64-pc-linux-gnu/8.3.0/:/glade/u/apps/dav/opt/gnu/8.3.0/lib/gcc/x86_64-pc-linux-gnu/]
  ignore line: [LIBRARY_PATH=/glade/u/apps/dav/opt/gnu/8.3.0/lib/gcc/x86_64-pc-linux-gnu/8.3.0/:/glade/u/apps/dav/opt/gnu/8.3.0/lib/gcc/x86_64-pc-linux-gnu/8.3.0/../../../../lib64/:/lib/../lib64/:/usr/lib/../lib64/:/glade/u/apps/dav/opt/gnu/8.3.0/lib/gcc/x86_64-pc-linux-gnu/8.3.0/../../../:/lib/:/usr/lib/]
  ignore line: [COLLECT_GCC_OPTIONS='-v' '-o' 'CMakeFiles/cmTC_5162d.dir/CMakeCXXCompilerABI.cpp.o' '-c' '-shared-libgcc' '-mtune=generic' '-march=x86-64']
  ignore line: [Linking CXX executable cmTC_5162d]
  ignore line: [/glade/u/apps/dav/opt/cmake/3.18.2/bin/cmake -E cmake_link_script CMakeFiles/cmTC_5162d.dir/link.txt --verbose=1]
  ignore line: [/glade/u/apps/dav/opt/gnu/8.3.0/bin/g++  -v CMakeFiles/cmTC_5162d.dir/CMakeCXXCompilerABI.cpp.o -o cmTC_5162d ]
  ignore line: [Using built-in specs.]
  ignore line: [COLLECT_GCC=/glade/u/apps/dav/opt/gnu/8.3.0/bin/g++]
  ignore line: [COLLECT_LTO_WRAPPER=/glade/u/apps/dav/opt/gnu/8.3.0/libexec/gcc/x86_64-pc-linux-gnu/8.3.0/lto-wrapper]
  ignore line: [Target: x86_64-pc-linux-gnu]
  ignore line: [Configured with: ../configure --prefix=/glade/u/apps/dav/opt/gnu/8.3.0/ --enable-languages=c c++ fortran lto --enable-threads --disable-multilib]
  ignore line: [Thread model: posix]
  ignore line: [gcc version 8.3.0 (GCC) ]
  ignore line: [COMPILER_PATH=/glade/u/apps/dav/opt/gnu/8.3.0/libexec/gcc/x86_64-pc-linux-gnu/8.3.0/:/glade/u/apps/dav/opt/gnu/8.3.0/libexec/gcc/x86_64-pc-linux-gnu/8.3.0/:/glade/u/apps/dav/opt/gnu/8.3.0/libexec/gcc/x86_64-pc-linux-gnu/:/glade/u/apps/dav/opt/gnu/8.3.0/lib/gcc/x86_64-pc-linux-gnu/8.3.0/:/glade/u/apps/dav/opt/gnu/8.3.0/lib/gcc/x86_64-pc-linux-gnu/]
  ignore line: [LIBRARY_PATH=/glade/u/apps/dav/opt/gnu/8.3.0/lib/gcc/x86_64-pc-linux-gnu/8.3.0/:/glade/u/apps/dav/opt/gnu/8.3.0/lib/gcc/x86_64-pc-linux-gnu/8.3.0/../../../../lib64/:/lib/../lib64/:/usr/lib/../lib64/:/glade/u/apps/dav/opt/gnu/8.3.0/lib/gcc/x86_64-pc-linux-gnu/8.3.0/../../../:/lib/:/usr/lib/]
  ignore line: [COLLECT_GCC_OPTIONS='-v' '-o' 'cmTC_5162d' '-shared-libgcc' '-mtune=generic' '-march=x86-64']
  link line: [ /glade/u/apps/dav/opt/gnu/8.3.0/libexec/gcc/x86_64-pc-linux-gnu/8.3.0/collect2 -plugin /glade/u/apps/dav/opt/gnu/8.3.0/libexec/gcc/x86_64-pc-linux-gnu/8.3.0/liblto_plugin.so -plugin-opt=/glade/u/apps/dav/opt/gnu/8.3.0/libexec/gcc/x86_64-pc-linux-gnu/8.3.0/lto-wrapper -plugin-opt=-fresolution=/glade/scratch/zconnell/cceGry6s.res -plugin-opt=-pass-through=-lgcc_s -plugin-opt=-pass-through=-lgcc -plugin-opt=-pass-through=-lc -plugin-opt=-pass-through=-lgcc_s -plugin-opt=-pass-through=-lgcc --eh-frame-hdr -m elf_x86_64 -dynamic-linker /lib64/ld-linux-x86-64.so.2 -o cmTC_5162d /lib/../lib64/crt1.o /lib/../lib64/crti.o /glade/u/apps/dav/opt/gnu/8.3.0/lib/gcc/x86_64-pc-linux-gnu/8.3.0/crtbegin.o -L/glade/u/apps/dav/opt/gnu/8.3.0/lib/gcc/x86_64-pc-linux-gnu/8.3.0 -L/glade/u/apps/dav/opt/gnu/8.3.0/lib/gcc/x86_64-pc-linux-gnu/8.3.0/../../../../lib64 -L/lib/../lib64 -L/usr/lib/../lib64 -L/glade/u/apps/dav/opt/gnu/8.3.0/lib/gcc/x86_64-pc-linux-gnu/8.3.0/../../.. CMakeFiles/cmTC_5162d.dir/CMakeCXXCompilerABI.cpp.o -lstdc++ -lm -lgcc_s -lgcc -lc -lgcc_s -lgcc /glade/u/apps/dav/opt/gnu/8.3.0/lib/gcc/x86_64-pc-linux-gnu/8.3.0/crtend.o /lib/../lib64/crtn.o]
    arg [/glade/u/apps/dav/opt/gnu/8.3.0/libexec/gcc/x86_64-pc-linux-gnu/8.3.0/collect2] ==> ignore
    arg [-plugin] ==> ignore
    arg [/glade/u/apps/dav/opt/gnu/8.3.0/libexec/gcc/x86_64-pc-linux-gnu/8.3.0/liblto_plugin.so] ==> ignore
    arg [-plugin-opt=/glade/u/apps/dav/opt/gnu/8.3.0/libexec/gcc/x86_64-pc-linux-gnu/8.3.0/lto-wrapper] ==> ignore
    arg [-plugin-opt=-fresolution=/glade/scratch/zconnell/cceGry6s.res] ==> ignore
    arg [-plugin-opt=-pass-through=-lgcc_s] ==> ignore
    arg [-plugin-opt=-pass-through=-lgcc] ==> ignore
    arg [-plugin-opt=-pass-through=-lc] ==> ignore
    arg [-plugin-opt=-pass-through=-lgcc_s] ==> ignore
    arg [-plugin-opt=-pass-through=-lgcc] ==> ignore
    arg [--eh-frame-hdr] ==> ignore
    arg [-m] ==> ignore
    arg [elf_x86_64] ==> ignore
    arg [-dynamic-linker] ==> ignore
    arg [/lib64/ld-linux-x86-64.so.2] ==> ignore
    arg [-o] ==> ignore
    arg [cmTC_5162d] ==> ignore
    arg [/lib/../lib64/crt1.o] ==> ignore
    arg [/lib/../lib64/crti.o] ==> ignore
    arg [/glade/u/apps/dav/opt/gnu/8.3.0/lib/gcc/x86_64-pc-linux-gnu/8.3.0/crtbegin.o] ==> ignore
    arg [-L/glade/u/apps/dav/opt/gnu/8.3.0/lib/gcc/x86_64-pc-linux-gnu/8.3.0] ==> dir [/glade/u/apps/dav/opt/gnu/8.3.0/lib/gcc/x86_64-pc-linux-gnu/8.3.0]
    arg [-L/glade/u/apps/dav/opt/gnu/8.3.0/lib/gcc/x86_64-pc-linux-gnu/8.3.0/../../../../lib64] ==> dir [/glade/u/apps/dav/opt/gnu/8.3.0/lib/gcc/x86_64-pc-linux-gnu/8.3.0/../../../../lib64]
    arg [-L/lib/../lib64] ==> dir [/lib/../lib64]
    arg [-L/usr/lib/../lib64] ==> dir [/usr/lib/../lib64]
    arg [-L/glade/u/apps/dav/opt/gnu/8.3.0/lib/gcc/x86_64-pc-linux-gnu/8.3.0/../../..] ==> dir [/glade/u/apps/dav/opt/gnu/8.3.0/lib/gcc/x86_64-pc-linux-gnu/8.3.0/../../..]
    arg [CMakeFiles/cmTC_5162d.dir/CMakeCXXCompilerABI.cpp.o] ==> ignore
    arg [-lstdc++] ==> lib [stdc++]
    arg [-lm] ==> lib [m]
    arg [-lgcc_s] ==> lib [gcc_s]
    arg [-lgcc] ==> lib [gcc]
    arg [-lc] ==> lib [c]
    arg [-lgcc_s] ==> lib [gcc_s]
    arg [-lgcc] ==> lib [gcc]
    arg [/glade/u/apps/dav/opt/gnu/8.3.0/lib/gcc/x86_64-pc-linux-gnu/8.3.0/crtend.o] ==> ignore
    arg [/lib/../lib64/crtn.o] ==> ignore
  collapse library dir [/glade/u/apps/dav/opt/gnu/8.3.0/lib/gcc/x86_64-pc-linux-gnu/8.3.0] ==> [/glade/u/apps/dav/opt/gnu/8.3.0/lib/gcc/x86_64-pc-linux-gnu/8.3.0]
  collapse library dir [/glade/u/apps/dav/opt/gnu/8.3.0/lib/gcc/x86_64-pc-linux-gnu/8.3.0/../../../../lib64] ==> [/glade/u/apps/dav/opt/gnu/8.3.0/lib64]
  collapse library dir [/lib/../lib64] ==> [/lib64]
  collapse library dir [/usr/lib/../lib64] ==> [/usr/lib64]
  collapse library dir [/glade/u/apps/dav/opt/gnu/8.3.0/lib/gcc/x86_64-pc-linux-gnu/8.3.0/../../..] ==> [/glade/u/apps/dav/opt/gnu/8.3.0/lib]
  implicit libs: [stdc++;m;gcc_s;gcc;c;gcc_s;gcc]
  implicit dirs: [/glade/u/apps/dav/opt/gnu/8.3.0/lib/gcc/x86_64-pc-linux-gnu/8.3.0;/glade/u/apps/dav/opt/gnu/8.3.0/lib64;/lib64;/usr/lib64;/glade/u/apps/dav/opt/gnu/8.3.0/lib]
  implicit fwks: []


