The system is: Linux - 3.10.0-1127.18.2.el7.x86_64 - x86_64
Compiling the CXX compiler identification source file "CMakeCXXCompilerId.cpp" succeeded.
Compiler: /glade/u/apps/dav/opt/ncarcompilers/0.5.0/gnu/7.4.0/g++ 
Build flags: 
Id flags:  

The output was:
0


Compilation of the CXX compiler identification source "CMakeCXXCompilerId.cpp" produced "a.out"

The CXX compiler identification is GNU, found in "/glade/work/zconnell/SWM/nvcc_cuda_omp_serial_volta70_skx/CMakeFiles/3.18.2/CompilerIdCXX/a.out"

Detecting CXX compiler ABI info compiled with the following output:
Change Dir: /glade/work/zconnell/SWM/nvcc_cuda_omp_serial_volta70_skx/CMakeFiles/CMakeTmp

Run Build Command(s):/usr/bin/gmake cmTC_fb8a4/fast && /usr/bin/gmake  -f CMakeFiles/cmTC_fb8a4.dir/build.make CMakeFiles/cmTC_fb8a4.dir/build
gmake[1]: Entering directory `/glade/work/zconnell/SWM/nvcc_cuda_omp_serial_volta70_skx/CMakeFiles/CMakeTmp'
Building CXX object CMakeFiles/cmTC_fb8a4.dir/CMakeCXXCompilerABI.cpp.o
/glade/u/apps/dav/opt/ncarcompilers/0.5.0/gnu/7.4.0/g++   -v -o CMakeFiles/cmTC_fb8a4.dir/CMakeCXXCompilerABI.cpp.o -c /glade/u/apps/dav/opt/cmake/3.18.2/share/cmake-3.18/Modules/CMakeCXXCompilerABI.cpp
Using built-in specs.
COLLECT_GCC=g++
Target: x86_64-pc-linux-gnu
Configured with: ../configure --prefix=/glade/u/apps/dav/opt/gnu/7.4.0/ --enable-languages=c,c++,fortran,lto --enable-threads --disable-multilib
Thread model: posix
gcc version 7.4.0 (GCC) 
COLLECT_GCC_OPTIONS='-v' '-o' 'CMakeFiles/cmTC_fb8a4.dir/CMakeCXXCompilerABI.cpp.o' '-c' '-I' '/glade/u/apps/dav/opt/gnu/7.4.0/include' '-I' '/glade/u/apps/dav/opt/cuda/10.1/include' '-L/glade/u/apps/dav/opt/gnu/7.4.0/lib64' '-L/glade/u/apps/dav/opt/gnu/7.4.0/lib/gcc/x86_64-pc-linux-gnu/7.4.0' '-L/glade/u/apps/dav/opt/cuda/10.1/lib64' '-L/glade/u/apps/dav/opt/cuda/10.1/lib' '-shared-libgcc' '-mtune=generic' '-march=x86-64'
 /glade/u/apps/dav/opt/gnu/7.4.0/libexec/gcc/x86_64-pc-linux-gnu/7.4.0/cc1plus -quiet -v -I /glade/u/apps/dav/opt/gnu/7.4.0/include -I /glade/u/apps/dav/opt/cuda/10.1/include -D_GNU_SOURCE /glade/u/apps/dav/opt/cmake/3.18.2/share/cmake-3.18/Modules/CMakeCXXCompilerABI.cpp -quiet -dumpbase CMakeCXXCompilerABI.cpp -mtune=generic -march=x86-64 -auxbase-strip CMakeFiles/cmTC_fb8a4.dir/CMakeCXXCompilerABI.cpp.o -version -o /glade/scratch/zconnell/ccDuWLD8.s
GNU C++14 (GCC) version 7.4.0 (x86_64-pc-linux-gnu)
	compiled by GNU C version 7.4.0, GMP version 6.1.2, MPFR version 4.0.2, MPC version 1.1.0, isl version isl-0.18-GMP

GGC heuristics: --param ggc-min-expand=100 --param ggc-min-heapsize=131072
ignoring nonexistent directory "/glade/u/apps/dav/opt/gnu/7.4.0/lib/gcc/x86_64-pc-linux-gnu/7.4.0/../../../../x86_64-pc-linux-gnu/include"
ignoring duplicate directory "/glade/u/apps/dav/opt/gnu/7.4.0/include"
  as it is a non-system directory that duplicates a system directory
#include "..." search starts here:
#include <...> search starts here:
 /glade/u/apps/dav/opt/cuda/10.1/include
 /glade/u/apps/dav/opt/gnu/7.4.0/lib/gcc/x86_64-pc-linux-gnu/7.4.0/../../../../include/c++/7.4.0
 /glade/u/apps/dav/opt/gnu/7.4.0/lib/gcc/x86_64-pc-linux-gnu/7.4.0/../../../../include/c++/7.4.0/x86_64-pc-linux-gnu
 /glade/u/apps/dav/opt/gnu/7.4.0/lib/gcc/x86_64-pc-linux-gnu/7.4.0/../../../../include/c++/7.4.0/backward
 /glade/u/apps/dav/opt/gnu/7.4.0/lib/gcc/x86_64-pc-linux-gnu/7.4.0/include
 /usr/local/include
 /glade/u/apps/dav/opt/gnu/7.4.0/include
 /glade/u/apps/dav/opt/gnu/7.4.0/lib/gcc/x86_64-pc-linux-gnu/7.4.0/include-fixed
 /usr/include
End of search list.
GNU C++14 (GCC) version 7.4.0 (x86_64-pc-linux-gnu)
	compiled by GNU C version 7.4.0, GMP version 6.1.2, MPFR version 4.0.2, MPC version 1.1.0, isl version isl-0.18-GMP

GGC heuristics: --param ggc-min-expand=100 --param ggc-min-heapsize=131072
Compiler executable checksum: ac5ff484c128ce62732b67ef94150d24
COLLECT_GCC_OPTIONS='-v' '-o' 'CMakeFiles/cmTC_fb8a4.dir/CMakeCXXCompilerABI.cpp.o' '-c' '-I' '/glade/u/apps/dav/opt/gnu/7.4.0/include' '-I' '/glade/u/apps/dav/opt/cuda/10.1/include' '-L/glade/u/apps/dav/opt/gnu/7.4.0/lib64' '-L/glade/u/apps/dav/opt/gnu/7.4.0/lib/gcc/x86_64-pc-linux-gnu/7.4.0' '-L/glade/u/apps/dav/opt/cuda/10.1/lib64' '-L/glade/u/apps/dav/opt/cuda/10.1/lib' '-shared-libgcc' '-mtune=generic' '-march=x86-64'
 as -v -I /glade/u/apps/dav/opt/gnu/7.4.0/include -I /glade/u/apps/dav/opt/cuda/10.1/include --64 -o CMakeFiles/cmTC_fb8a4.dir/CMakeCXXCompilerABI.cpp.o /glade/scratch/zconnell/ccDuWLD8.s
GNU assembler version 2.27 (x86_64-redhat-linux) using BFD version version 2.27-43.base.el7_8.1
COMPILER_PATH=/glade/u/apps/dav/opt/gnu/7.4.0/libexec/gcc/x86_64-pc-linux-gnu/7.4.0/:/glade/u/apps/dav/opt/gnu/7.4.0/libexec/gcc/x86_64-pc-linux-gnu/7.4.0/:/glade/u/apps/dav/opt/gnu/7.4.0/libexec/gcc/x86_64-pc-linux-gnu/:/glade/u/apps/dav/opt/gnu/7.4.0/lib/gcc/x86_64-pc-linux-gnu/7.4.0/:/glade/u/apps/dav/opt/gnu/7.4.0/lib/gcc/x86_64-pc-linux-gnu/
LIBRARY_PATH=/glade/u/apps/dav/opt/gnu/7.4.0/lib/gcc/x86_64-pc-linux-gnu/7.4.0/:/glade/u/apps/dav/opt/gnu/7.4.0/lib/gcc/x86_64-pc-linux-gnu/7.4.0/../../../../lib64/:/lib/../lib64/:/usr/lib/../lib64/:/glade/u/apps/dav/opt/gnu/7.4.0/lib/gcc/x86_64-pc-linux-gnu/7.4.0/../../../:/lib/:/usr/lib/
COLLECT_GCC_OPTIONS='-v' '-o' 'CMakeFiles/cmTC_fb8a4.dir/CMakeCXXCompilerABI.cpp.o' '-c' '-I' '/glade/u/apps/dav/opt/gnu/7.4.0/include' '-I' '/glade/u/apps/dav/opt/cuda/10.1/include' '-L/glade/u/apps/dav/opt/gnu/7.4.0/lib64' '-L/glade/u/apps/dav/opt/gnu/7.4.0/lib/gcc/x86_64-pc-linux-gnu/7.4.0' '-L/glade/u/apps/dav/opt/cuda/10.1/lib64' '-L/glade/u/apps/dav/opt/cuda/10.1/lib' '-shared-libgcc' '-mtune=generic' '-march=x86-64'
Linking CXX executable cmTC_fb8a4
/glade/u/apps/dav/opt/cmake/3.18.2/bin/cmake -E cmake_link_script CMakeFiles/cmTC_fb8a4.dir/link.txt --verbose=1
/glade/u/apps/dav/opt/ncarcompilers/0.5.0/gnu/7.4.0/g++  -v CMakeFiles/cmTC_fb8a4.dir/CMakeCXXCompilerABI.cpp.o -o cmTC_fb8a4 
Using built-in specs.
COLLECT_GCC=g++
COLLECT_LTO_WRAPPER=/glade/u/apps/dav/opt/gnu/7.4.0/libexec/gcc/x86_64-pc-linux-gnu/7.4.0/lto-wrapper
Target: x86_64-pc-linux-gnu
Configured with: ../configure --prefix=/glade/u/apps/dav/opt/gnu/7.4.0/ --enable-languages=c,c++,fortran,lto --enable-threads --disable-multilib
Thread model: posix
gcc version 7.4.0 (GCC) 
COMPILER_PATH=/glade/u/apps/dav/opt/gnu/7.4.0/libexec/gcc/x86_64-pc-linux-gnu/7.4.0/:/glade/u/apps/dav/opt/gnu/7.4.0/libexec/gcc/x86_64-pc-linux-gnu/7.4.0/:/glade/u/apps/dav/opt/gnu/7.4.0/libexec/gcc/x86_64-pc-linux-gnu/:/glade/u/apps/dav/opt/gnu/7.4.0/lib/gcc/x86_64-pc-linux-gnu/7.4.0/:/glade/u/apps/dav/opt/gnu/7.4.0/lib/gcc/x86_64-pc-linux-gnu/
LIBRARY_PATH=/glade/u/apps/dav/opt/gnu/7.4.0/lib/gcc/x86_64-pc-linux-gnu/7.4.0/:/glade/u/apps/dav/opt/gnu/7.4.0/lib/gcc/x86_64-pc-linux-gnu/7.4.0/../../../../lib64/:/lib/../lib64/:/usr/lib/../lib64/:/glade/u/apps/dav/opt/gnu/7.4.0/lib/gcc/x86_64-pc-linux-gnu/7.4.0/../../../:/lib/:/usr/lib/
COLLECT_GCC_OPTIONS='-v' '-o' 'cmTC_fb8a4' '-I' '/glade/u/apps/dav/opt/gnu/7.4.0/include' '-I' '/glade/u/apps/dav/opt/cuda/10.1/include' '-L/glade/u/apps/dav/opt/gnu/7.4.0/lib64' '-L/glade/u/apps/dav/opt/gnu/7.4.0/lib/gcc/x86_64-pc-linux-gnu/7.4.0' '-L/glade/u/apps/dav/opt/cuda/10.1/lib64' '-L/glade/u/apps/dav/opt/cuda/10.1/lib' '-shared-libgcc' '-mtune=generic' '-march=x86-64'
 /glade/u/apps/dav/opt/gnu/7.4.0/libexec/gcc/x86_64-pc-linux-gnu/7.4.0/collect2 -plugin /glade/u/apps/dav/opt/gnu/7.4.0/libexec/gcc/x86_64-pc-linux-gnu/7.4.0/liblto_plugin.so -plugin-opt=/glade/u/apps/dav/opt/gnu/7.4.0/libexec/gcc/x86_64-pc-linux-gnu/7.4.0/lto-wrapper -plugin-opt=-fresolution=/glade/scratch/zconnell/ccQW5BGd.res -plugin-opt=-pass-through=-lgcc_s -plugin-opt=-pass-through=-lgcc -plugin-opt=-pass-through=-lc -plugin-opt=-pass-through=-lgcc_s -plugin-opt=-pass-through=-lgcc --eh-frame-hdr -m elf_x86_64 -dynamic-linker /lib64/ld-linux-x86-64.so.2 -o cmTC_fb8a4 /lib/../lib64/crt1.o /lib/../lib64/crti.o /glade/u/apps/dav/opt/gnu/7.4.0/lib/gcc/x86_64-pc-linux-gnu/7.4.0/crtbegin.o -L/glade/u/apps/dav/opt/gnu/7.4.0/lib64 -L/glade/u/apps/dav/opt/gnu/7.4.0/lib/gcc/x86_64-pc-linux-gnu/7.4.0 -L/glade/u/apps/dav/opt/cuda/10.1/lib64 -L/glade/u/apps/dav/opt/cuda/10.1/lib -L/glade/u/apps/dav/opt/gnu/7.4.0/lib/gcc/x86_64-pc-linux-gnu/7.4.0 -L/glade/u/apps/dav/opt/gnu/7.4.0/lib/gcc/x86_64-pc-linux-gnu/7.4.0/../../../../lib64 -L/lib/../lib64 -L/usr/lib/../lib64 -L/glade/u/apps/dav/opt/gnu/7.4.0/lib/gcc/x86_64-pc-linux-gnu/7.4.0/../../.. CMakeFiles/cmTC_fb8a4.dir/CMakeCXXCompilerABI.cpp.o -lcudart -lcublas -lrt -ldl --disable-new-dtags -rpath /glade/u/apps/dav/opt/gnu/7.4.0/lib64 -rpath /glade/u/apps/dav/opt/gnu/7.4.0/lib/gcc/x86_64-pc-linux-gnu/7.4.0 -rpath /glade/u/apps/dav/opt/cuda/10.1/lib64 -rpath /glade/u/apps/dav/opt/cuda/10.1/lib -lstdc++ -lm -lgcc_s -lgcc -lc -lgcc_s -lgcc /glade/u/apps/dav/opt/gnu/7.4.0/lib/gcc/x86_64-pc-linux-gnu/7.4.0/crtend.o /lib/../lib64/crtn.o
COLLECT_GCC_OPTIONS='-v' '-o' 'cmTC_fb8a4' '-I' '/glade/u/apps/dav/opt/gnu/7.4.0/include' '-I' '/glade/u/apps/dav/opt/cuda/10.1/include' '-L/glade/u/apps/dav/opt/gnu/7.4.0/lib64' '-L/glade/u/apps/dav/opt/gnu/7.4.0/lib/gcc/x86_64-pc-linux-gnu/7.4.0' '-L/glade/u/apps/dav/opt/cuda/10.1/lib64' '-L/glade/u/apps/dav/opt/cuda/10.1/lib' '-shared-libgcc' '-mtune=generic' '-march=x86-64'
gmake[1]: Leaving directory `/glade/work/zconnell/SWM/nvcc_cuda_omp_serial_volta70_skx/CMakeFiles/CMakeTmp'



Parsed CXX implicit include dir info from above output: rv=done
  found start of include info
  found start of implicit include info
    add: [/glade/u/apps/dav/opt/cuda/10.1/include]
    add: [/glade/u/apps/dav/opt/gnu/7.4.0/lib/gcc/x86_64-pc-linux-gnu/7.4.0/../../../../include/c++/7.4.0]
    add: [/glade/u/apps/dav/opt/gnu/7.4.0/lib/gcc/x86_64-pc-linux-gnu/7.4.0/../../../../include/c++/7.4.0/x86_64-pc-linux-gnu]
    add: [/glade/u/apps/dav/opt/gnu/7.4.0/lib/gcc/x86_64-pc-linux-gnu/7.4.0/../../../../include/c++/7.4.0/backward]
    add: [/glade/u/apps/dav/opt/gnu/7.4.0/lib/gcc/x86_64-pc-linux-gnu/7.4.0/include]
    add: [/usr/local/include]
    add: [/glade/u/apps/dav/opt/gnu/7.4.0/include]
    add: [/glade/u/apps/dav/opt/gnu/7.4.0/lib/gcc/x86_64-pc-linux-gnu/7.4.0/include-fixed]
    add: [/usr/include]
  end of search list found
  collapse include dir [/glade/u/apps/dav/opt/cuda/10.1/include] ==> [/glade/u/apps/dav/opt/cuda/10.1/include]
  collapse include dir [/glade/u/apps/dav/opt/gnu/7.4.0/lib/gcc/x86_64-pc-linux-gnu/7.4.0/../../../../include/c++/7.4.0] ==> [/glade/u/apps/dav/opt/gnu/7.4.0/include/c++/7.4.0]
  collapse include dir [/glade/u/apps/dav/opt/gnu/7.4.0/lib/gcc/x86_64-pc-linux-gnu/7.4.0/../../../../include/c++/7.4.0/x86_64-pc-linux-gnu] ==> [/glade/u/apps/dav/opt/gnu/7.4.0/include/c++/7.4.0/x86_64-pc-linux-gnu]
  collapse include dir [/glade/u/apps/dav/opt/gnu/7.4.0/lib/gcc/x86_64-pc-linux-gnu/7.4.0/../../../../include/c++/7.4.0/backward] ==> [/glade/u/apps/dav/opt/gnu/7.4.0/include/c++/7.4.0/backward]
  collapse include dir [/glade/u/apps/dav/opt/gnu/7.4.0/lib/gcc/x86_64-pc-linux-gnu/7.4.0/include] ==> [/glade/u/apps/dav/opt/gnu/7.4.0/lib/gcc/x86_64-pc-linux-gnu/7.4.0/include]
  collapse include dir [/usr/local/include] ==> [/usr/local/include]
  collapse include dir [/glade/u/apps/dav/opt/gnu/7.4.0/include] ==> [/glade/u/apps/dav/opt/gnu/7.4.0/include]
  collapse include dir [/glade/u/apps/dav/opt/gnu/7.4.0/lib/gcc/x86_64-pc-linux-gnu/7.4.0/include-fixed] ==> [/glade/u/apps/dav/opt/gnu/7.4.0/lib/gcc/x86_64-pc-linux-gnu/7.4.0/include-fixed]
  collapse include dir [/usr/include] ==> [/usr/include]
  implicit include dirs: [/glade/u/apps/dav/opt/cuda/10.1/include;/glade/u/apps/dav/opt/gnu/7.4.0/include/c++/7.4.0;/glade/u/apps/dav/opt/gnu/7.4.0/include/c++/7.4.0/x86_64-pc-linux-gnu;/glade/u/apps/dav/opt/gnu/7.4.0/include/c++/7.4.0/backward;/glade/u/apps/dav/opt/gnu/7.4.0/lib/gcc/x86_64-pc-linux-gnu/7.4.0/include;/usr/local/include;/glade/u/apps/dav/opt/gnu/7.4.0/include;/glade/u/apps/dav/opt/gnu/7.4.0/lib/gcc/x86_64-pc-linux-gnu/7.4.0/include-fixed;/usr/include]


Parsed CXX implicit link information from above output:
  link line regex: [^( *|.*[/\])(ld|CMAKE_LINK_STARTFILE-NOTFOUND|([^/\]+-)?ld|collect2)[^/\]*( |$)]
  ignore line: [Change Dir: /glade/work/zconnell/SWM/nvcc_cuda_omp_serial_volta70_skx/CMakeFiles/CMakeTmp]
  ignore line: []
  ignore line: [Run Build Command(s):/usr/bin/gmake cmTC_fb8a4/fast && /usr/bin/gmake  -f CMakeFiles/cmTC_fb8a4.dir/build.make CMakeFiles/cmTC_fb8a4.dir/build]
  ignore line: [gmake[1]: Entering directory `/glade/work/zconnell/SWM/nvcc_cuda_omp_serial_volta70_skx/CMakeFiles/CMakeTmp']
  ignore line: [Building CXX object CMakeFiles/cmTC_fb8a4.dir/CMakeCXXCompilerABI.cpp.o]
  ignore line: [/glade/u/apps/dav/opt/ncarcompilers/0.5.0/gnu/7.4.0/g++   -v -o CMakeFiles/cmTC_fb8a4.dir/CMakeCXXCompilerABI.cpp.o -c /glade/u/apps/dav/opt/cmake/3.18.2/share/cmake-3.18/Modules/CMakeCXXCompilerABI.cpp]
  ignore line: [Using built-in specs.]
  ignore line: [COLLECT_GCC=g++]
  ignore line: [Target: x86_64-pc-linux-gnu]
  ignore line: [Configured with: ../configure --prefix=/glade/u/apps/dav/opt/gnu/7.4.0/ --enable-languages=c c++ fortran lto --enable-threads --disable-multilib]
  ignore line: [Thread model: posix]
  ignore line: [gcc version 7.4.0 (GCC) ]
  ignore line: [COLLECT_GCC_OPTIONS='-v' '-o' 'CMakeFiles/cmTC_fb8a4.dir/CMakeCXXCompilerABI.cpp.o' '-c' '-I' '/glade/u/apps/dav/opt/gnu/7.4.0/include' '-I' '/glade/u/apps/dav/opt/cuda/10.1/include' '-L/glade/u/apps/dav/opt/gnu/7.4.0/lib64' '-L/glade/u/apps/dav/opt/gnu/7.4.0/lib/gcc/x86_64-pc-linux-gnu/7.4.0' '-L/glade/u/apps/dav/opt/cuda/10.1/lib64' '-L/glade/u/apps/dav/opt/cuda/10.1/lib' '-shared-libgcc' '-mtune=generic' '-march=x86-64']
  ignore line: [ /glade/u/apps/dav/opt/gnu/7.4.0/libexec/gcc/x86_64-pc-linux-gnu/7.4.0/cc1plus -quiet -v -I /glade/u/apps/dav/opt/gnu/7.4.0/include -I /glade/u/apps/dav/opt/cuda/10.1/include -D_GNU_SOURCE /glade/u/apps/dav/opt/cmake/3.18.2/share/cmake-3.18/Modules/CMakeCXXCompilerABI.cpp -quiet -dumpbase CMakeCXXCompilerABI.cpp -mtune=generic -march=x86-64 -auxbase-strip CMakeFiles/cmTC_fb8a4.dir/CMakeCXXCompilerABI.cpp.o -version -o /glade/scratch/zconnell/ccDuWLD8.s]
  ignore line: [GNU C++14 (GCC) version 7.4.0 (x86_64-pc-linux-gnu)]
  ignore line: [	compiled by GNU C version 7.4.0  GMP version 6.1.2  MPFR version 4.0.2  MPC version 1.1.0  isl version isl-0.18-GMP]
  ignore line: []
  ignore line: [GGC heuristics: --param ggc-min-expand=100 --param ggc-min-heapsize=131072]
  ignore line: [ignoring nonexistent directory "/glade/u/apps/dav/opt/gnu/7.4.0/lib/gcc/x86_64-pc-linux-gnu/7.4.0/../../../../x86_64-pc-linux-gnu/include"]
  ignore line: [ignoring duplicate directory "/glade/u/apps/dav/opt/gnu/7.4.0/include"]
  ignore line: [  as it is a non-system directory that duplicates a system directory]
  ignore line: [#include "..." search starts here:]
  ignore line: [#include <...> search starts here:]
  ignore line: [ /glade/u/apps/dav/opt/cuda/10.1/include]
  ignore line: [ /glade/u/apps/dav/opt/gnu/7.4.0/lib/gcc/x86_64-pc-linux-gnu/7.4.0/../../../../include/c++/7.4.0]
  ignore line: [ /glade/u/apps/dav/opt/gnu/7.4.0/lib/gcc/x86_64-pc-linux-gnu/7.4.0/../../../../include/c++/7.4.0/x86_64-pc-linux-gnu]
  ignore line: [ /glade/u/apps/dav/opt/gnu/7.4.0/lib/gcc/x86_64-pc-linux-gnu/7.4.0/../../../../include/c++/7.4.0/backward]
  ignore line: [ /glade/u/apps/dav/opt/gnu/7.4.0/lib/gcc/x86_64-pc-linux-gnu/7.4.0/include]
  ignore line: [ /usr/local/include]
  ignore line: [ /glade/u/apps/dav/opt/gnu/7.4.0/include]
  ignore line: [ /glade/u/apps/dav/opt/gnu/7.4.0/lib/gcc/x86_64-pc-linux-gnu/7.4.0/include-fixed]
  ignore line: [ /usr/include]
  ignore line: [End of search list.]
  ignore line: [GNU C++14 (GCC) version 7.4.0 (x86_64-pc-linux-gnu)]
  ignore line: [	compiled by GNU C version 7.4.0  GMP version 6.1.2  MPFR version 4.0.2  MPC version 1.1.0  isl version isl-0.18-GMP]
  ignore line: []
  ignore line: [GGC heuristics: --param ggc-min-expand=100 --param ggc-min-heapsize=131072]
  ignore line: [Compiler executable checksum: ac5ff484c128ce62732b67ef94150d24]
  ignore line: [COLLECT_GCC_OPTIONS='-v' '-o' 'CMakeFiles/cmTC_fb8a4.dir/CMakeCXXCompilerABI.cpp.o' '-c' '-I' '/glade/u/apps/dav/opt/gnu/7.4.0/include' '-I' '/glade/u/apps/dav/opt/cuda/10.1/include' '-L/glade/u/apps/dav/opt/gnu/7.4.0/lib64' '-L/glade/u/apps/dav/opt/gnu/7.4.0/lib/gcc/x86_64-pc-linux-gnu/7.4.0' '-L/glade/u/apps/dav/opt/cuda/10.1/lib64' '-L/glade/u/apps/dav/opt/cuda/10.1/lib' '-shared-libgcc' '-mtune=generic' '-march=x86-64']
  ignore line: [ as -v -I /glade/u/apps/dav/opt/gnu/7.4.0/include -I /glade/u/apps/dav/opt/cuda/10.1/include --64 -o CMakeFiles/cmTC_fb8a4.dir/CMakeCXXCompilerABI.cpp.o /glade/scratch/zconnell/ccDuWLD8.s]
  ignore line: [GNU assembler version 2.27 (x86_64-redhat-linux) using BFD version version 2.27-43.base.el7_8.1]
  ignore line: [COMPILER_PATH=/glade/u/apps/dav/opt/gnu/7.4.0/libexec/gcc/x86_64-pc-linux-gnu/7.4.0/:/glade/u/apps/dav/opt/gnu/7.4.0/libexec/gcc/x86_64-pc-linux-gnu/7.4.0/:/glade/u/apps/dav/opt/gnu/7.4.0/libexec/gcc/x86_64-pc-linux-gnu/:/glade/u/apps/dav/opt/gnu/7.4.0/lib/gcc/x86_64-pc-linux-gnu/7.4.0/:/glade/u/apps/dav/opt/gnu/7.4.0/lib/gcc/x86_64-pc-linux-gnu/]
  ignore line: [LIBRARY_PATH=/glade/u/apps/dav/opt/gnu/7.4.0/lib/gcc/x86_64-pc-linux-gnu/7.4.0/:/glade/u/apps/dav/opt/gnu/7.4.0/lib/gcc/x86_64-pc-linux-gnu/7.4.0/../../../../lib64/:/lib/../lib64/:/usr/lib/../lib64/:/glade/u/apps/dav/opt/gnu/7.4.0/lib/gcc/x86_64-pc-linux-gnu/7.4.0/../../../:/lib/:/usr/lib/]
  ignore line: [COLLECT_GCC_OPTIONS='-v' '-o' 'CMakeFiles/cmTC_fb8a4.dir/CMakeCXXCompilerABI.cpp.o' '-c' '-I' '/glade/u/apps/dav/opt/gnu/7.4.0/include' '-I' '/glade/u/apps/dav/opt/cuda/10.1/include' '-L/glade/u/apps/dav/opt/gnu/7.4.0/lib64' '-L/glade/u/apps/dav/opt/gnu/7.4.0/lib/gcc/x86_64-pc-linux-gnu/7.4.0' '-L/glade/u/apps/dav/opt/cuda/10.1/lib64' '-L/glade/u/apps/dav/opt/cuda/10.1/lib' '-shared-libgcc' '-mtune=generic' '-march=x86-64']
  ignore line: [Linking CXX executable cmTC_fb8a4]
  ignore line: [/glade/u/apps/dav/opt/cmake/3.18.2/bin/cmake -E cmake_link_script CMakeFiles/cmTC_fb8a4.dir/link.txt --verbose=1]
  ignore line: [/glade/u/apps/dav/opt/ncarcompilers/0.5.0/gnu/7.4.0/g++  -v CMakeFiles/cmTC_fb8a4.dir/CMakeCXXCompilerABI.cpp.o -o cmTC_fb8a4 ]
  ignore line: [Using built-in specs.]
  ignore line: [COLLECT_GCC=g++]
  ignore line: [COLLECT_LTO_WRAPPER=/glade/u/apps/dav/opt/gnu/7.4.0/libexec/gcc/x86_64-pc-linux-gnu/7.4.0/lto-wrapper]
  ignore line: [Target: x86_64-pc-linux-gnu]
  ignore line: [Configured with: ../configure --prefix=/glade/u/apps/dav/opt/gnu/7.4.0/ --enable-languages=c c++ fortran lto --enable-threads --disable-multilib]
  ignore line: [Thread model: posix]
  ignore line: [gcc version 7.4.0 (GCC) ]
  ignore line: [COMPILER_PATH=/glade/u/apps/dav/opt/gnu/7.4.0/libexec/gcc/x86_64-pc-linux-gnu/7.4.0/:/glade/u/apps/dav/opt/gnu/7.4.0/libexec/gcc/x86_64-pc-linux-gnu/7.4.0/:/glade/u/apps/dav/opt/gnu/7.4.0/libexec/gcc/x86_64-pc-linux-gnu/:/glade/u/apps/dav/opt/gnu/7.4.0/lib/gcc/x86_64-pc-linux-gnu/7.4.0/:/glade/u/apps/dav/opt/gnu/7.4.0/lib/gcc/x86_64-pc-linux-gnu/]
  ignore line: [LIBRARY_PATH=/glade/u/apps/dav/opt/gnu/7.4.0/lib/gcc/x86_64-pc-linux-gnu/7.4.0/:/glade/u/apps/dav/opt/gnu/7.4.0/lib/gcc/x86_64-pc-linux-gnu/7.4.0/../../../../lib64/:/lib/../lib64/:/usr/lib/../lib64/:/glade/u/apps/dav/opt/gnu/7.4.0/lib/gcc/x86_64-pc-linux-gnu/7.4.0/../../../:/lib/:/usr/lib/]
  ignore line: [COLLECT_GCC_OPTIONS='-v' '-o' 'cmTC_fb8a4' '-I' '/glade/u/apps/dav/opt/gnu/7.4.0/include' '-I' '/glade/u/apps/dav/opt/cuda/10.1/include' '-L/glade/u/apps/dav/opt/gnu/7.4.0/lib64' '-L/glade/u/apps/dav/opt/gnu/7.4.0/lib/gcc/x86_64-pc-linux-gnu/7.4.0' '-L/glade/u/apps/dav/opt/cuda/10.1/lib64' '-L/glade/u/apps/dav/opt/cuda/10.1/lib' '-shared-libgcc' '-mtune=generic' '-march=x86-64']
  link line: [ /glade/u/apps/dav/opt/gnu/7.4.0/libexec/gcc/x86_64-pc-linux-gnu/7.4.0/collect2 -plugin /glade/u/apps/dav/opt/gnu/7.4.0/libexec/gcc/x86_64-pc-linux-gnu/7.4.0/liblto_plugin.so -plugin-opt=/glade/u/apps/dav/opt/gnu/7.4.0/libexec/gcc/x86_64-pc-linux-gnu/7.4.0/lto-wrapper -plugin-opt=-fresolution=/glade/scratch/zconnell/ccQW5BGd.res -plugin-opt=-pass-through=-lgcc_s -plugin-opt=-pass-through=-lgcc -plugin-opt=-pass-through=-lc -plugin-opt=-pass-through=-lgcc_s -plugin-opt=-pass-through=-lgcc --eh-frame-hdr -m elf_x86_64 -dynamic-linker /lib64/ld-linux-x86-64.so.2 -o cmTC_fb8a4 /lib/../lib64/crt1.o /lib/../lib64/crti.o /glade/u/apps/dav/opt/gnu/7.4.0/lib/gcc/x86_64-pc-linux-gnu/7.4.0/crtbegin.o -L/glade/u/apps/dav/opt/gnu/7.4.0/lib64 -L/glade/u/apps/dav/opt/gnu/7.4.0/lib/gcc/x86_64-pc-linux-gnu/7.4.0 -L/glade/u/apps/dav/opt/cuda/10.1/lib64 -L/glade/u/apps/dav/opt/cuda/10.1/lib -L/glade/u/apps/dav/opt/gnu/7.4.0/lib/gcc/x86_64-pc-linux-gnu/7.4.0 -L/glade/u/apps/dav/opt/gnu/7.4.0/lib/gcc/x86_64-pc-linux-gnu/7.4.0/../../../../lib64 -L/lib/../lib64 -L/usr/lib/../lib64 -L/glade/u/apps/dav/opt/gnu/7.4.0/lib/gcc/x86_64-pc-linux-gnu/7.4.0/../../.. CMakeFiles/cmTC_fb8a4.dir/CMakeCXXCompilerABI.cpp.o -lcudart -lcublas -lrt -ldl --disable-new-dtags -rpath /glade/u/apps/dav/opt/gnu/7.4.0/lib64 -rpath /glade/u/apps/dav/opt/gnu/7.4.0/lib/gcc/x86_64-pc-linux-gnu/7.4.0 -rpath /glade/u/apps/dav/opt/cuda/10.1/lib64 -rpath /glade/u/apps/dav/opt/cuda/10.1/lib -lstdc++ -lm -lgcc_s -lgcc -lc -lgcc_s -lgcc /glade/u/apps/dav/opt/gnu/7.4.0/lib/gcc/x86_64-pc-linux-gnu/7.4.0/crtend.o /lib/../lib64/crtn.o]
    arg [/glade/u/apps/dav/opt/gnu/7.4.0/libexec/gcc/x86_64-pc-linux-gnu/7.4.0/collect2] ==> ignore
    arg [-plugin] ==> ignore
    arg [/glade/u/apps/dav/opt/gnu/7.4.0/libexec/gcc/x86_64-pc-linux-gnu/7.4.0/liblto_plugin.so] ==> ignore
    arg [-plugin-opt=/glade/u/apps/dav/opt/gnu/7.4.0/libexec/gcc/x86_64-pc-linux-gnu/7.4.0/lto-wrapper] ==> ignore
    arg [-plugin-opt=-fresolution=/glade/scratch/zconnell/ccQW5BGd.res] ==> ignore
    arg [-plugin-opt=-pass-through=-lgcc_s] ==> ignore
    arg [-plugin-opt=-pass-through=-lgcc] ==> ignore
    arg [-plugin-opt=-pass-through=-lc] ==> ignore
    arg [-plugin-opt=-pass-through=-lgcc_s] ==> ignore
    arg [-plugin-opt=-pass-through=-lgcc] ==> ignore
    arg [--eh-frame-hdr] ==> ignore
    arg [-m] ==> ignore
    arg [elf_x86_64] ==> ignore
    arg [-dynamic-linker] ==> ignore
    arg [/lib64/ld-linux-x86-64.so.2] ==> ignore
    arg [-o] ==> ignore
    arg [cmTC_fb8a4] ==> ignore
    arg [/lib/../lib64/crt1.o] ==> ignore
    arg [/lib/../lib64/crti.o] ==> ignore
    arg [/glade/u/apps/dav/opt/gnu/7.4.0/lib/gcc/x86_64-pc-linux-gnu/7.4.0/crtbegin.o] ==> ignore
    arg [-L/glade/u/apps/dav/opt/gnu/7.4.0/lib64] ==> dir [/glade/u/apps/dav/opt/gnu/7.4.0/lib64]
    arg [-L/glade/u/apps/dav/opt/gnu/7.4.0/lib/gcc/x86_64-pc-linux-gnu/7.4.0] ==> dir [/glade/u/apps/dav/opt/gnu/7.4.0/lib/gcc/x86_64-pc-linux-gnu/7.4.0]
    arg [-L/glade/u/apps/dav/opt/cuda/10.1/lib64] ==> dir [/glade/u/apps/dav/opt/cuda/10.1/lib64]
    arg [-L/glade/u/apps/dav/opt/cuda/10.1/lib] ==> dir [/glade/u/apps/dav/opt/cuda/10.1/lib]
    arg [-L/glade/u/apps/dav/opt/gnu/7.4.0/lib/gcc/x86_64-pc-linux-gnu/7.4.0] ==> dir [/glade/u/apps/dav/opt/gnu/7.4.0/lib/gcc/x86_64-pc-linux-gnu/7.4.0]
    arg [-L/glade/u/apps/dav/opt/gnu/7.4.0/lib/gcc/x86_64-pc-linux-gnu/7.4.0/../../../../lib64] ==> dir [/glade/u/apps/dav/opt/gnu/7.4.0/lib/gcc/x86_64-pc-linux-gnu/7.4.0/../../../../lib64]
    arg [-L/lib/../lib64] ==> dir [/lib/../lib64]
    arg [-L/usr/lib/../lib64] ==> dir [/usr/lib/../lib64]
    arg [-L/glade/u/apps/dav/opt/gnu/7.4.0/lib/gcc/x86_64-pc-linux-gnu/7.4.0/../../..] ==> dir [/glade/u/apps/dav/opt/gnu/7.4.0/lib/gcc/x86_64-pc-linux-gnu/7.4.0/../../..]
    arg [CMakeFiles/cmTC_fb8a4.dir/CMakeCXXCompilerABI.cpp.o] ==> ignore
    arg [-lcudart] ==> lib [cudart]
    arg [-lcublas] ==> lib [cublas]
    arg [-lrt] ==> lib [rt]
    arg [-ldl] ==> lib [dl]
    arg [--disable-new-dtags] ==> ignore
    arg [-rpath] ==> ignore
    arg [/glade/u/apps/dav/opt/gnu/7.4.0/lib64] ==> ignore
    arg [-rpath] ==> ignore
    arg [/glade/u/apps/dav/opt/gnu/7.4.0/lib/gcc/x86_64-pc-linux-gnu/7.4.0] ==> ignore
    arg [-rpath] ==> ignore
    arg [/glade/u/apps/dav/opt/cuda/10.1/lib64] ==> ignore
    arg [-rpath] ==> ignore
    arg [/glade/u/apps/dav/opt/cuda/10.1/lib] ==> ignore
    arg [-lstdc++] ==> lib [stdc++]
    arg [-lm] ==> lib [m]
    arg [-lgcc_s] ==> lib [gcc_s]
    arg [-lgcc] ==> lib [gcc]
    arg [-lc] ==> lib [c]
    arg [-lgcc_s] ==> lib [gcc_s]
    arg [-lgcc] ==> lib [gcc]
    arg [/glade/u/apps/dav/opt/gnu/7.4.0/lib/gcc/x86_64-pc-linux-gnu/7.4.0/crtend.o] ==> ignore
    arg [/lib/../lib64/crtn.o] ==> ignore
  collapse library dir [/glade/u/apps/dav/opt/gnu/7.4.0/lib64] ==> [/glade/u/apps/dav/opt/gnu/7.4.0/lib64]
  collapse library dir [/glade/u/apps/dav/opt/gnu/7.4.0/lib/gcc/x86_64-pc-linux-gnu/7.4.0] ==> [/glade/u/apps/dav/opt/gnu/7.4.0/lib/gcc/x86_64-pc-linux-gnu/7.4.0]
  collapse library dir [/glade/u/apps/dav/opt/cuda/10.1/lib64] ==> [/glade/u/apps/dav/opt/cuda/10.1/lib64]
  collapse library dir [/glade/u/apps/dav/opt/cuda/10.1/lib] ==> [/glade/u/apps/dav/opt/cuda/10.1/lib]
  collapse library dir [/glade/u/apps/dav/opt/gnu/7.4.0/lib/gcc/x86_64-pc-linux-gnu/7.4.0] ==> [/glade/u/apps/dav/opt/gnu/7.4.0/lib/gcc/x86_64-pc-linux-gnu/7.4.0]
  collapse library dir [/glade/u/apps/dav/opt/gnu/7.4.0/lib/gcc/x86_64-pc-linux-gnu/7.4.0/../../../../lib64] ==> [/glade/u/apps/dav/opt/gnu/7.4.0/lib64]
  collapse library dir [/lib/../lib64] ==> [/lib64]
  collapse library dir [/usr/lib/../lib64] ==> [/usr/lib64]
  collapse library dir [/glade/u/apps/dav/opt/gnu/7.4.0/lib/gcc/x86_64-pc-linux-gnu/7.4.0/../../..] ==> [/glade/u/apps/dav/opt/gnu/7.4.0/lib]
  implicit libs: [cudart;cublas;rt;dl;stdc++;m;gcc_s;gcc;c;gcc_s;gcc]
  implicit dirs: [/glade/u/apps/dav/opt/gnu/7.4.0/lib64;/glade/u/apps/dav/opt/gnu/7.4.0/lib/gcc/x86_64-pc-linux-gnu/7.4.0;/glade/u/apps/dav/opt/cuda/10.1/lib64;/glade/u/apps/dav/opt/cuda/10.1/lib;/lib64;/usr/lib64;/glade/u/apps/dav/opt/gnu/7.4.0/lib]
  implicit fwks: []


